{
  "uid" : "763cca87abfb03aa",
  "name" : "Добавление товара к сравнению",
  "fullName" : "test_catalog#test_add_to_comparation",
  "historyId" : "12e492a0581aa52098cfc7cd4c10ddfa",
  "time" : {
    "start" : 1632471521430,
    "stop" : 1632471523552,
    "duration" : 2122
  },
  "description" : " Проверяем добавление товара к сравнению ",
  "descriptionHtml" : "<p>Проверяем добавление товара к сравнению</p>\n",
  "status" : "failed",
  "statusMessage" : "AssertionError",
  "statusTrace" : "browser = <selenium.webdriver.remote.webdriver.WebDriver (session=\"b07223810348568293631b3dcd6f2edd\")>, base_url = 'http://10.0.2.15/'\n\n    @allure.title(\"Добавление товара к сравнению\")\n    def test_add_to_comparation(browser, base_url):\n        \"\"\" Проверяем добавление товара к сравнению \"\"\"\n        cat = Catalog(browser)\n        cat.go_to_catalog(base_url)\n        all_buttons_to_compare = cat.find_all_specified_elements(cat.COMPARE_PRODUCT)\n        random.choice(all_buttons_to_compare).click()\n        cat.wait_web_element(cat.ALERT_SUCCESS)\n    \n        if cat.wait_web_element(cat.PRODUCT_COMPARE_LINK).text != \"Product Compare (3)\":\n            cat.logger.error(\"The value: \\\"Product Compare ()\\\" has not increased\")\n            browser.save_screenshot(cat.screenshot_name)\n>           raise AssertionError\nE           AssertionError\n\ntest_catalog.py:44: AssertionError",
  "flaky" : false,
  "newFailed" : false,
  "beforeStages" : [ {
    "name" : "browser",
    "time" : {
      "start" : 1632471517140,
      "stop" : 1632471521429,
      "duration" : 4289
    },
    "status" : "passed",
    "steps" : [ ],
    "attachments" : [ ],
    "parameters" : [ ],
    "stepsCount" : 0,
    "attachmentsCount" : 0,
    "shouldDisplayMessage" : false,
    "hasContent" : false
  }, {
    "name" : "base_url",
    "time" : {
      "start" : 1632471521429,
      "stop" : 1632471521429,
      "duration" : 0
    },
    "status" : "passed",
    "steps" : [ ],
    "attachments" : [ ],
    "parameters" : [ ],
    "stepsCount" : 0,
    "attachmentsCount" : 0,
    "shouldDisplayMessage" : false,
    "hasContent" : false
  } ],
  "testStage" : {
    "description" : " Проверяем добавление товара к сравнению ",
    "status" : "failed",
    "statusMessage" : "AssertionError",
    "statusTrace" : "browser = <selenium.webdriver.remote.webdriver.WebDriver (session=\"b07223810348568293631b3dcd6f2edd\")>, base_url = 'http://10.0.2.15/'\n\n    @allure.title(\"Добавление товара к сравнению\")\n    def test_add_to_comparation(browser, base_url):\n        \"\"\" Проверяем добавление товара к сравнению \"\"\"\n        cat = Catalog(browser)\n        cat.go_to_catalog(base_url)\n        all_buttons_to_compare = cat.find_all_specified_elements(cat.COMPARE_PRODUCT)\n        random.choice(all_buttons_to_compare).click()\n        cat.wait_web_element(cat.ALERT_SUCCESS)\n    \n        if cat.wait_web_element(cat.PRODUCT_COMPARE_LINK).text != \"Product Compare (3)\":\n            cat.logger.error(\"The value: \\\"Product Compare ()\\\" has not increased\")\n            browser.save_screenshot(cat.screenshot_name)\n>           raise AssertionError\nE           AssertionError\n\ntest_catalog.py:44: AssertionError",
    "steps" : [ ],
    "attachments" : [ {
      "uid" : "7f1d9110a76621ed",
      "name" : "log",
      "source" : "7f1d9110a76621ed.txt",
      "type" : "text/plain",
      "size" : 1619
    } ],
    "parameters" : [ ],
    "stepsCount" : 0,
    "attachmentsCount" : 1,
    "shouldDisplayMessage" : true,
    "hasContent" : true
  },
  "afterStages" : [ {
    "name" : "browser::final",
    "time" : {
      "start" : 1632471523594,
      "stop" : 1632471523711,
      "duration" : 117
    },
    "status" : "passed",
    "steps" : [ ],
    "attachments" : [ ],
    "parameters" : [ ],
    "stepsCount" : 0,
    "attachmentsCount" : 0,
    "shouldDisplayMessage" : false,
    "hasContent" : false
  } ],
  "labels" : [ {
    "name" : "suite",
    "value" : "test_catalog"
  }, {
    "name" : "host",
    "value" : "max-VirtualBox"
  }, {
    "name" : "thread",
    "value" : "12707-MainThread"
  }, {
    "name" : "framework",
    "value" : "pytest"
  }, {
    "name" : "language",
    "value" : "cpython3"
  }, {
    "name" : "package",
    "value" : "test_catalog"
  }, {
    "name" : "resultFormat",
    "value" : "allure2"
  } ],
  "parameters" : [ ],
  "links" : [ ],
  "hidden" : false,
  "retry" : false,
  "extra" : {
    "severity" : "normal",
    "retries" : [ {
      "uid" : "94b63d825823778f",
      "status" : "passed",
      "time" : {
        "start" : 1632471328240,
        "stop" : 1632471331700,
        "duration" : 3460
      }
    } ],
    "categories" : [ {
      "name" : "Product defects",
      "matchedStatuses" : [ ],
      "flaky" : false
    } ],
    "tags" : [ ]
  },
  "source" : "763cca87abfb03aa.json",
  "parameterValues" : [ ]
}